<?xml version="1.0" encoding="UTF-8"?>
<testsuite xmlns:xsi="http://www.w3.org/2001/XMLSchema-instance" xsi:noNamespaceSchemaLocation="https://maven.apache.org/surefire/maven-surefire-plugin/xsd/surefire-test-report.xsd" name="br.josets.webflux.client.ClientApplicationTests" time="0.504" tests="1" errors="1" skipped="0" failures="0">
  <properties>
    <property name="gopherProxySet" value="false"/>
    <property name="awt.toolkit" value="sun.lwawt.macosx.LWCToolkit"/>
    <property name="java.specification.version" value="10"/>
    <property name="file.encoding.pkg" value="sun.io"/>
    <property name="sun.cpu.isalist" value=""/>
    <property name="sun.jnu.encoding" value="UTF-8"/>
    <property name="java.class.path" value="/Users/josets/Developer/spring-boot-experiments/webflux-client-server/client/target/test-classes:/Users/josets/Developer/spring-boot-experiments/webflux-client-server/client/target/classes:/Users/josets/.m2/repository/org/springframework/boot/spring-boot-starter-webflux/2.0.2.RELEASE/spring-boot-starter-webflux-2.0.2.RELEASE.jar:/Users/josets/.m2/repository/org/springframework/boot/spring-boot-starter/2.0.2.RELEASE/spring-boot-starter-2.0.2.RELEASE.jar:/Users/josets/.m2/repository/org/springframework/boot/spring-boot-starter-logging/2.0.2.RELEASE/spring-boot-starter-logging-2.0.2.RELEASE.jar:/Users/josets/.m2/repository/ch/qos/logback/logback-classic/1.2.3/logback-classic-1.2.3.jar:/Users/josets/.m2/repository/ch/qos/logback/logback-core/1.2.3/logback-core-1.2.3.jar:/Users/josets/.m2/repository/org/apache/logging/log4j/log4j-to-slf4j/2.10.0/log4j-to-slf4j-2.10.0.jar:/Users/josets/.m2/repository/org/apache/logging/log4j/log4j-api/2.10.0/log4j-api-2.10.0.jar:/Users/josets/.m2/repository/org/slf4j/jul-to-slf4j/1.7.25/jul-to-slf4j-1.7.25.jar:/Users/josets/.m2/repository/javax/annotation/javax.annotation-api/1.3.2/javax.annotation-api-1.3.2.jar:/Users/josets/.m2/repository/org/yaml/snakeyaml/1.19/snakeyaml-1.19.jar:/Users/josets/.m2/repository/org/springframework/boot/spring-boot-starter-json/2.0.2.RELEASE/spring-boot-starter-json-2.0.2.RELEASE.jar:/Users/josets/.m2/repository/com/fasterxml/jackson/core/jackson-databind/2.9.5/jackson-databind-2.9.5.jar:/Users/josets/.m2/repository/com/fasterxml/jackson/core/jackson-annotations/2.9.0/jackson-annotations-2.9.0.jar:/Users/josets/.m2/repository/com/fasterxml/jackson/core/jackson-core/2.9.5/jackson-core-2.9.5.jar:/Users/josets/.m2/repository/com/fasterxml/jackson/datatype/jackson-datatype-jdk8/2.9.5/jackson-datatype-jdk8-2.9.5.jar:/Users/josets/.m2/repository/com/fasterxml/jackson/datatype/jackson-datatype-jsr310/2.9.5/jackson-datatype-jsr310-2.9.5.jar:/Users/josets/.m2/repository/com/fasterxml/jackson/module/jackson-module-parameter-names/2.9.5/jackson-module-parameter-names-2.9.5.jar:/Users/josets/.m2/repository/org/springframework/boot/spring-boot-starter-reactor-netty/2.0.2.RELEASE/spring-boot-starter-reactor-netty-2.0.2.RELEASE.jar:/Users/josets/.m2/repository/io/projectreactor/ipc/reactor-netty/0.7.7.RELEASE/reactor-netty-0.7.7.RELEASE.jar:/Users/josets/.m2/repository/io/netty/netty-codec-http/4.1.24.Final/netty-codec-http-4.1.24.Final.jar:/Users/josets/.m2/repository/io/netty/netty-codec/4.1.24.Final/netty-codec-4.1.24.Final.jar:/Users/josets/.m2/repository/io/netty/netty-handler/4.1.24.Final/netty-handler-4.1.24.Final.jar:/Users/josets/.m2/repository/io/netty/netty-buffer/4.1.24.Final/netty-buffer-4.1.24.Final.jar:/Users/josets/.m2/repository/io/netty/netty-transport/4.1.24.Final/netty-transport-4.1.24.Final.jar:/Users/josets/.m2/repository/io/netty/netty-resolver/4.1.24.Final/netty-resolver-4.1.24.Final.jar:/Users/josets/.m2/repository/io/netty/netty-handler-proxy/4.1.24.Final/netty-handler-proxy-4.1.24.Final.jar:/Users/josets/.m2/repository/io/netty/netty-codec-socks/4.1.24.Final/netty-codec-socks-4.1.24.Final.jar:/Users/josets/.m2/repository/io/netty/netty-transport-native-epoll/4.1.24.Final/netty-transport-native-epoll-4.1.24.Final-linux-x86_64.jar:/Users/josets/.m2/repository/io/netty/netty-common/4.1.24.Final/netty-common-4.1.24.Final.jar:/Users/josets/.m2/repository/io/netty/netty-transport-native-unix-common/4.1.24.Final/netty-transport-native-unix-common-4.1.24.Final.jar:/Users/josets/.m2/repository/org/hibernate/validator/hibernate-validator/6.0.9.Final/hibernate-validator-6.0.9.Final.jar:/Users/josets/.m2/repository/javax/validation/validation-api/2.0.1.Final/validation-api-2.0.1.Final.jar:/Users/josets/.m2/repository/org/jboss/logging/jboss-logging/3.3.2.Final/jboss-logging-3.3.2.Final.jar:/Users/josets/.m2/repository/com/fasterxml/classmate/1.3.4/classmate-1.3.4.jar:/Users/josets/.m2/repository/org/springframework/spring-web/5.0.6.RELEASE/spring-web-5.0.6.RELEASE.jar:/Users/josets/.m2/repository/org/springframework/spring-beans/5.0.6.RELEASE/spring-beans-5.0.6.RELEASE.jar:/Users/josets/.m2/repository/org/springframework/spring-webflux/5.0.6.RELEASE/spring-webflux-5.0.6.RELEASE.jar:/Users/josets/.m2/repository/org/synchronoss/cloud/nio-multipart-parser/1.1.0/nio-multipart-parser-1.1.0.jar:/Users/josets/.m2/repository/org/slf4j/slf4j-api/1.7.25/slf4j-api-1.7.25.jar:/Users/josets/.m2/repository/org/synchronoss/cloud/nio-stream-storage/1.1.3/nio-stream-storage-1.1.3.jar:/Users/josets/.m2/repository/org/springframework/boot/spring-boot-devtools/2.0.2.RELEASE/spring-boot-devtools-2.0.2.RELEASE.jar:/Users/josets/.m2/repository/org/springframework/boot/spring-boot/2.0.2.RELEASE/spring-boot-2.0.2.RELEASE.jar:/Users/josets/.m2/repository/org/springframework/spring-context/5.0.6.RELEASE/spring-context-5.0.6.RELEASE.jar:/Users/josets/.m2/repository/org/springframework/spring-aop/5.0.6.RELEASE/spring-aop-5.0.6.RELEASE.jar:/Users/josets/.m2/repository/org/springframework/spring-expression/5.0.6.RELEASE/spring-expression-5.0.6.RELEASE.jar:/Users/josets/.m2/repository/org/springframework/boot/spring-boot-autoconfigure/2.0.2.RELEASE/spring-boot-autoconfigure-2.0.2.RELEASE.jar:/Users/josets/.m2/repository/org/springframework/boot/spring-boot-starter-test/2.0.2.RELEASE/spring-boot-starter-test-2.0.2.RELEASE.jar:/Users/josets/.m2/repository/org/springframework/boot/spring-boot-test/2.0.2.RELEASE/spring-boot-test-2.0.2.RELEASE.jar:/Users/josets/.m2/repository/org/springframework/boot/spring-boot-test-autoconfigure/2.0.2.RELEASE/spring-boot-test-autoconfigure-2.0.2.RELEASE.jar:/Users/josets/.m2/repository/com/jayway/jsonpath/json-path/2.4.0/json-path-2.4.0.jar:/Users/josets/.m2/repository/net/minidev/json-smart/2.3/json-smart-2.3.jar:/Users/josets/.m2/repository/net/minidev/accessors-smart/1.2/accessors-smart-1.2.jar:/Users/josets/.m2/repository/org/ow2/asm/asm/5.0.4/asm-5.0.4.jar:/Users/josets/.m2/repository/junit/junit/4.12/junit-4.12.jar:/Users/josets/.m2/repository/org/assertj/assertj-core/3.9.1/assertj-core-3.9.1.jar:/Users/josets/.m2/repository/org/mockito/mockito-core/2.15.0/mockito-core-2.15.0.jar:/Users/josets/.m2/repository/net/bytebuddy/byte-buddy/1.7.11/byte-buddy-1.7.11.jar:/Users/josets/.m2/repository/net/bytebuddy/byte-buddy-agent/1.7.11/byte-buddy-agent-1.7.11.jar:/Users/josets/.m2/repository/org/objenesis/objenesis/2.6/objenesis-2.6.jar:/Users/josets/.m2/repository/org/hamcrest/hamcrest-core/1.3/hamcrest-core-1.3.jar:/Users/josets/.m2/repository/org/hamcrest/hamcrest-library/1.3/hamcrest-library-1.3.jar:/Users/josets/.m2/repository/org/skyscreamer/jsonassert/1.5.0/jsonassert-1.5.0.jar:/Users/josets/.m2/repository/com/vaadin/external/google/android-json/0.0.20131108.vaadin1/android-json-0.0.20131108.vaadin1.jar:/Users/josets/.m2/repository/org/springframework/spring-core/5.0.6.RELEASE/spring-core-5.0.6.RELEASE.jar:/Users/josets/.m2/repository/org/springframework/spring-jcl/5.0.6.RELEASE/spring-jcl-5.0.6.RELEASE.jar:/Users/josets/.m2/repository/org/springframework/spring-test/5.0.6.RELEASE/spring-test-5.0.6.RELEASE.jar:/Users/josets/.m2/repository/org/xmlunit/xmlunit-core/2.5.1/xmlunit-core-2.5.1.jar:/Users/josets/.m2/repository/io/projectreactor/reactor-test/3.1.7.RELEASE/reactor-test-3.1.7.RELEASE.jar:/Users/josets/.m2/repository/io/projectreactor/reactor-core/3.1.7.RELEASE/reactor-core-3.1.7.RELEASE.jar:/Users/josets/.m2/repository/org/reactivestreams/reactive-streams/1.0.2/reactive-streams-1.0.2.jar:"/>
    <property name="java.vm.vendor" value="&quot;Oracle Corporation&quot;"/>
    <property name="sun.arch.data.model" value="64"/>
    <property name="java.vendor.url" value="http://java.oracle.com/"/>
    <property name="user.timezone" value=""/>
    <property name="java.vm.specification.version" value="10"/>
    <property name="os.name" value="Mac OS X"/>
    <property name="sun.java.launcher" value="SUN_STANDARD"/>
    <property name="user.country" value="BR"/>
    <property name="sun.boot.library.path" value="/Library/Java/JavaVirtualMachines/jdk-10.0.1.jdk/Contents/Home/lib"/>
    <property name="sun.java.command" value="/Users/josets/Developer/spring-boot-experiments/webflux-client-server/client/target/surefire/surefirebooter7044717151052248612.jar /Users/josets/Developer/spring-boot-experiments/webflux-client-server/client/target/surefire 2018-06-15T12-20-10_287-jvmRun1 surefire17498963017998988825tmp surefire_08878347383252468191tmp"/>
    <property name="jdk.debug" value="release"/>
    <property name="surefire.test.class.path" value="/Users/josets/Developer/spring-boot-experiments/webflux-client-server/client/target/test-classes:/Users/josets/Developer/spring-boot-experiments/webflux-client-server/client/target/classes:/Users/josets/.m2/repository/org/springframework/boot/spring-boot-starter-webflux/2.0.2.RELEASE/spring-boot-starter-webflux-2.0.2.RELEASE.jar:/Users/josets/.m2/repository/org/springframework/boot/spring-boot-starter/2.0.2.RELEASE/spring-boot-starter-2.0.2.RELEASE.jar:/Users/josets/.m2/repository/org/springframework/boot/spring-boot-starter-logging/2.0.2.RELEASE/spring-boot-starter-logging-2.0.2.RELEASE.jar:/Users/josets/.m2/repository/ch/qos/logback/logback-classic/1.2.3/logback-classic-1.2.3.jar:/Users/josets/.m2/repository/ch/qos/logback/logback-core/1.2.3/logback-core-1.2.3.jar:/Users/josets/.m2/repository/org/apache/logging/log4j/log4j-to-slf4j/2.10.0/log4j-to-slf4j-2.10.0.jar:/Users/josets/.m2/repository/org/apache/logging/log4j/log4j-api/2.10.0/log4j-api-2.10.0.jar:/Users/josets/.m2/repository/org/slf4j/jul-to-slf4j/1.7.25/jul-to-slf4j-1.7.25.jar:/Users/josets/.m2/repository/javax/annotation/javax.annotation-api/1.3.2/javax.annotation-api-1.3.2.jar:/Users/josets/.m2/repository/org/yaml/snakeyaml/1.19/snakeyaml-1.19.jar:/Users/josets/.m2/repository/org/springframework/boot/spring-boot-starter-json/2.0.2.RELEASE/spring-boot-starter-json-2.0.2.RELEASE.jar:/Users/josets/.m2/repository/com/fasterxml/jackson/core/jackson-databind/2.9.5/jackson-databind-2.9.5.jar:/Users/josets/.m2/repository/com/fasterxml/jackson/core/jackson-annotations/2.9.0/jackson-annotations-2.9.0.jar:/Users/josets/.m2/repository/com/fasterxml/jackson/core/jackson-core/2.9.5/jackson-core-2.9.5.jar:/Users/josets/.m2/repository/com/fasterxml/jackson/datatype/jackson-datatype-jdk8/2.9.5/jackson-datatype-jdk8-2.9.5.jar:/Users/josets/.m2/repository/com/fasterxml/jackson/datatype/jackson-datatype-jsr310/2.9.5/jackson-datatype-jsr310-2.9.5.jar:/Users/josets/.m2/repository/com/fasterxml/jackson/module/jackson-module-parameter-names/2.9.5/jackson-module-parameter-names-2.9.5.jar:/Users/josets/.m2/repository/org/springframework/boot/spring-boot-starter-reactor-netty/2.0.2.RELEASE/spring-boot-starter-reactor-netty-2.0.2.RELEASE.jar:/Users/josets/.m2/repository/io/projectreactor/ipc/reactor-netty/0.7.7.RELEASE/reactor-netty-0.7.7.RELEASE.jar:/Users/josets/.m2/repository/io/netty/netty-codec-http/4.1.24.Final/netty-codec-http-4.1.24.Final.jar:/Users/josets/.m2/repository/io/netty/netty-codec/4.1.24.Final/netty-codec-4.1.24.Final.jar:/Users/josets/.m2/repository/io/netty/netty-handler/4.1.24.Final/netty-handler-4.1.24.Final.jar:/Users/josets/.m2/repository/io/netty/netty-buffer/4.1.24.Final/netty-buffer-4.1.24.Final.jar:/Users/josets/.m2/repository/io/netty/netty-transport/4.1.24.Final/netty-transport-4.1.24.Final.jar:/Users/josets/.m2/repository/io/netty/netty-resolver/4.1.24.Final/netty-resolver-4.1.24.Final.jar:/Users/josets/.m2/repository/io/netty/netty-handler-proxy/4.1.24.Final/netty-handler-proxy-4.1.24.Final.jar:/Users/josets/.m2/repository/io/netty/netty-codec-socks/4.1.24.Final/netty-codec-socks-4.1.24.Final.jar:/Users/josets/.m2/repository/io/netty/netty-transport-native-epoll/4.1.24.Final/netty-transport-native-epoll-4.1.24.Final-linux-x86_64.jar:/Users/josets/.m2/repository/io/netty/netty-common/4.1.24.Final/netty-common-4.1.24.Final.jar:/Users/josets/.m2/repository/io/netty/netty-transport-native-unix-common/4.1.24.Final/netty-transport-native-unix-common-4.1.24.Final.jar:/Users/josets/.m2/repository/org/hibernate/validator/hibernate-validator/6.0.9.Final/hibernate-validator-6.0.9.Final.jar:/Users/josets/.m2/repository/javax/validation/validation-api/2.0.1.Final/validation-api-2.0.1.Final.jar:/Users/josets/.m2/repository/org/jboss/logging/jboss-logging/3.3.2.Final/jboss-logging-3.3.2.Final.jar:/Users/josets/.m2/repository/com/fasterxml/classmate/1.3.4/classmate-1.3.4.jar:/Users/josets/.m2/repository/org/springframework/spring-web/5.0.6.RELEASE/spring-web-5.0.6.RELEASE.jar:/Users/josets/.m2/repository/org/springframework/spring-beans/5.0.6.RELEASE/spring-beans-5.0.6.RELEASE.jar:/Users/josets/.m2/repository/org/springframework/spring-webflux/5.0.6.RELEASE/spring-webflux-5.0.6.RELEASE.jar:/Users/josets/.m2/repository/org/synchronoss/cloud/nio-multipart-parser/1.1.0/nio-multipart-parser-1.1.0.jar:/Users/josets/.m2/repository/org/slf4j/slf4j-api/1.7.25/slf4j-api-1.7.25.jar:/Users/josets/.m2/repository/org/synchronoss/cloud/nio-stream-storage/1.1.3/nio-stream-storage-1.1.3.jar:/Users/josets/.m2/repository/org/springframework/boot/spring-boot-devtools/2.0.2.RELEASE/spring-boot-devtools-2.0.2.RELEASE.jar:/Users/josets/.m2/repository/org/springframework/boot/spring-boot/2.0.2.RELEASE/spring-boot-2.0.2.RELEASE.jar:/Users/josets/.m2/repository/org/springframework/spring-context/5.0.6.RELEASE/spring-context-5.0.6.RELEASE.jar:/Users/josets/.m2/repository/org/springframework/spring-aop/5.0.6.RELEASE/spring-aop-5.0.6.RELEASE.jar:/Users/josets/.m2/repository/org/springframework/spring-expression/5.0.6.RELEASE/spring-expression-5.0.6.RELEASE.jar:/Users/josets/.m2/repository/org/springframework/boot/spring-boot-autoconfigure/2.0.2.RELEASE/spring-boot-autoconfigure-2.0.2.RELEASE.jar:/Users/josets/.m2/repository/org/springframework/boot/spring-boot-starter-test/2.0.2.RELEASE/spring-boot-starter-test-2.0.2.RELEASE.jar:/Users/josets/.m2/repository/org/springframework/boot/spring-boot-test/2.0.2.RELEASE/spring-boot-test-2.0.2.RELEASE.jar:/Users/josets/.m2/repository/org/springframework/boot/spring-boot-test-autoconfigure/2.0.2.RELEASE/spring-boot-test-autoconfigure-2.0.2.RELEASE.jar:/Users/josets/.m2/repository/com/jayway/jsonpath/json-path/2.4.0/json-path-2.4.0.jar:/Users/josets/.m2/repository/net/minidev/json-smart/2.3/json-smart-2.3.jar:/Users/josets/.m2/repository/net/minidev/accessors-smart/1.2/accessors-smart-1.2.jar:/Users/josets/.m2/repository/org/ow2/asm/asm/5.0.4/asm-5.0.4.jar:/Users/josets/.m2/repository/junit/junit/4.12/junit-4.12.jar:/Users/josets/.m2/repository/org/assertj/assertj-core/3.9.1/assertj-core-3.9.1.jar:/Users/josets/.m2/repository/org/mockito/mockito-core/2.15.0/mockito-core-2.15.0.jar:/Users/josets/.m2/repository/net/bytebuddy/byte-buddy/1.7.11/byte-buddy-1.7.11.jar:/Users/josets/.m2/repository/net/bytebuddy/byte-buddy-agent/1.7.11/byte-buddy-agent-1.7.11.jar:/Users/josets/.m2/repository/org/objenesis/objenesis/2.6/objenesis-2.6.jar:/Users/josets/.m2/repository/org/hamcrest/hamcrest-core/1.3/hamcrest-core-1.3.jar:/Users/josets/.m2/repository/org/hamcrest/hamcrest-library/1.3/hamcrest-library-1.3.jar:/Users/josets/.m2/repository/org/skyscreamer/jsonassert/1.5.0/jsonassert-1.5.0.jar:/Users/josets/.m2/repository/com/vaadin/external/google/android-json/0.0.20131108.vaadin1/android-json-0.0.20131108.vaadin1.jar:/Users/josets/.m2/repository/org/springframework/spring-core/5.0.6.RELEASE/spring-core-5.0.6.RELEASE.jar:/Users/josets/.m2/repository/org/springframework/spring-jcl/5.0.6.RELEASE/spring-jcl-5.0.6.RELEASE.jar:/Users/josets/.m2/repository/org/springframework/spring-test/5.0.6.RELEASE/spring-test-5.0.6.RELEASE.jar:/Users/josets/.m2/repository/org/xmlunit/xmlunit-core/2.5.1/xmlunit-core-2.5.1.jar:/Users/josets/.m2/repository/io/projectreactor/reactor-test/3.1.7.RELEASE/reactor-test-3.1.7.RELEASE.jar:/Users/josets/.m2/repository/io/projectreactor/reactor-core/3.1.7.RELEASE/reactor-core-3.1.7.RELEASE.jar:/Users/josets/.m2/repository/org/reactivestreams/reactive-streams/1.0.2/reactive-streams-1.0.2.jar:"/>
    <property name="sun.cpu.endian" value="little"/>
    <property name="user.home" value="/Users/josets"/>
    <property name="user.language" value="en"/>
    <property name="java.specification.vendor" value="Oracle Corporation"/>
    <property name="java.version.date" value="2018-04-17"/>
    <property name="java.home" value="/Library/Java/JavaVirtualMachines/jdk-10.0.1.jdk/Contents/Home"/>
    <property name="file.separator" value="/"/>
    <property name="basedir" value="/Users/josets/Developer/spring-boot-experiments/webflux-client-server/client"/>
    <property name="java.vm.compressedOopsMode" value="Zero based"/>
    <property name="line.separator" value="&#10;"/>
    <property name="java.specification.name" value="Java Platform API Specification"/>
    <property name="java.vm.specification.vendor" value="Oracle Corporation"/>
    <property name="java.awt.graphicsenv" value="sun.awt.CGraphicsEnvironment"/>
    <property name="surefire.real.class.path" value="/Users/josets/Developer/spring-boot-experiments/webflux-client-server/client/target/surefire/surefirebooter7044717151052248612.jar"/>
    <property name="sun.management.compiler" value="HotSpot 64-Bit Tiered Compilers"/>
    <property name="java.runtime.version" value="10.0.1+10"/>
    <property name="user.name" value="josets"/>
    <property name="path.separator" value=":"/>
    <property name="os.version" value="10.13.4"/>
    <property name="java.runtime.name" value="Java(TM) SE Runtime Environment"/>
    <property name="file.encoding" value="UTF-8"/>
    <property name="java.vm.name" value="Java HotSpot(TM) 64-Bit Server VM"/>
    <property name="java.vendor.version" value="18.3"/>
    <property name="localRepository" value="/Users/josets/.m2/repository"/>
    <property name="java.vendor.url.bug" value="http://bugreport.java.com/bugreport/"/>
    <property name="java.io.tmpdir" value="/var/folders/5p/x50rx1p55jl9m7_908nv72m00000gn/T/"/>
    <property name="java.version" value="10.0.1"/>
    <property name="user.dir" value="/Users/josets/Developer/spring-boot-experiments/webflux-client-server/client"/>
    <property name="os.arch" value="x86_64"/>
    <property name="java.vm.specification.name" value="Java Virtual Machine Specification"/>
    <property name="java.awt.printerjob" value="sun.lwawt.macosx.CPrinterJob"/>
    <property name="sun.os.patch.level" value="unknown"/>
    <property name="java.library.path" value="/Users/josets/Library/Java/Extensions:/Library/Java/Extensions:/Network/Library/Java/Extensions:/System/Library/Java/Extensions:/usr/lib/java:."/>
    <property name="java.vendor" value="Oracle Corporation"/>
    <property name="java.vm.info" value="mixed mode"/>
    <property name="java.vm.version" value="10.0.1+10"/>
    <property name="sun.io.unicode.encoding" value="UnicodeBig"/>
    <property name="java.class.version" value="54.0"/>
  </properties>
  <testcase name="initializationError" classname="br.josets.webflux.client.ClientApplicationTests" time="0.001">
    <error message="Unable to find a @SpringBootConfiguration, you need to use @ContextConfiguration or @SpringBootTest(classes=...) with your test" type="java.lang.IllegalStateException">java.lang.IllegalStateException: Unable to find a @SpringBootConfiguration, you need to use @ContextConfiguration or @SpringBootTest(classes=...) with your test
</error>
    <system-out><![CDATA[12:20:11.032 [main] DEBUG org.springframework.test.context.junit4.SpringJUnit4ClassRunner - SpringJUnit4ClassRunner constructor called with [class br.josets.webflux.client.ClientApplicationTests]
12:20:11.038 [main] DEBUG org.springframework.test.context.BootstrapUtils - Instantiating CacheAwareContextLoaderDelegate from class [org.springframework.test.context.cache.DefaultCacheAwareContextLoaderDelegate]
12:20:11.044 [main] DEBUG org.springframework.test.context.BootstrapUtils - Instantiating BootstrapContext using constructor [public org.springframework.test.context.support.DefaultBootstrapContext(java.lang.Class,org.springframework.test.context.CacheAwareContextLoaderDelegate)]
12:20:11.061 [main] DEBUG org.springframework.test.context.BootstrapUtils - Instantiating TestContextBootstrapper for test class [br.josets.webflux.client.ClientApplicationTests] from class [org.springframework.boot.test.context.SpringBootTestContextBootstrapper]
12:20:11.076 [main] INFO org.springframework.boot.test.context.SpringBootTestContextBootstrapper - Neither @ContextConfiguration nor @ContextHierarchy found for test class [br.josets.webflux.client.ClientApplicationTests], using SpringBootContextLoader
12:20:11.081 [main] DEBUG org.springframework.test.context.support.AbstractContextLoader - Did not detect default resource location for test class [br.josets.webflux.client.ClientApplicationTests]: class path resource [br/josets/webflux/client/ClientApplicationTests-context.xml] does not exist
12:20:11.082 [main] DEBUG org.springframework.test.context.support.AbstractContextLoader - Did not detect default resource location for test class [br.josets.webflux.client.ClientApplicationTests]: class path resource [br/josets/webflux/client/ClientApplicationTestsContext.groovy] does not exist
12:20:11.082 [main] INFO org.springframework.test.context.support.AbstractContextLoader - Could not detect default resource locations for test class [br.josets.webflux.client.ClientApplicationTests]: no resource found for suffixes {-context.xml, Context.groovy}.
12:20:11.083 [main] INFO org.springframework.test.context.support.AnnotationConfigContextLoaderUtils - Could not detect default configuration classes for test class [br.josets.webflux.client.ClientApplicationTests]: ClientApplicationTests does not declare any static, non-private, non-final, nested classes annotated with @Configuration.
12:20:11.127 [main] DEBUG org.springframework.test.context.support.ActiveProfilesUtils - Could not find an 'annotation declaring class' for annotation type [org.springframework.test.context.ActiveProfiles] and class [br.josets.webflux.client.ClientApplicationTests]
12:20:11.135 [main] DEBUG org.springframework.core.env.StandardEnvironment - Adding PropertySource 'systemProperties' with lowest search precedence
12:20:11.135 [main] DEBUG org.springframework.core.env.StandardEnvironment - Adding PropertySource 'systemEnvironment' with lowest search precedence
12:20:11.136 [main] DEBUG org.springframework.core.env.StandardEnvironment - Initialized StandardEnvironment with PropertySources [MapPropertySource@1116094714 {name='systemProperties', properties={gopherProxySet=false, awt.toolkit=sun.lwawt.macosx.LWCToolkit, java.specification.version=10, file.encoding.pkg=sun.io, sun.cpu.isalist=, sun.jnu.encoding=UTF-8, java.class.path=/Users/josets/Developer/spring-boot-experiments/webflux-client-server/client/target/test-classes:/Users/josets/Developer/spring-boot-experiments/webflux-client-server/client/target/classes:/Users/josets/.m2/repository/org/springframework/boot/spring-boot-starter-webflux/2.0.2.RELEASE/spring-boot-starter-webflux-2.0.2.RELEASE.jar:/Users/josets/.m2/repository/org/springframework/boot/spring-boot-starter/2.0.2.RELEASE/spring-boot-starter-2.0.2.RELEASE.jar:/Users/josets/.m2/repository/org/springframework/boot/spring-boot-starter-logging/2.0.2.RELEASE/spring-boot-starter-logging-2.0.2.RELEASE.jar:/Users/josets/.m2/repository/ch/qos/logback/logback-classic/1.2.3/logback-classic-1.2.3.jar:/Users/josets/.m2/repository/ch/qos/logback/logback-core/1.2.3/logback-core-1.2.3.jar:/Users/josets/.m2/repository/org/apache/logging/log4j/log4j-to-slf4j/2.10.0/log4j-to-slf4j-2.10.0.jar:/Users/josets/.m2/repository/org/apache/logging/log4j/log4j-api/2.10.0/log4j-api-2.10.0.jar:/Users/josets/.m2/repository/org/slf4j/jul-to-slf4j/1.7.25/jul-to-slf4j-1.7.25.jar:/Users/josets/.m2/repository/javax/annotation/javax.annotation-api/1.3.2/javax.annotation-api-1.3.2.jar:/Users/josets/.m2/repository/org/yaml/snakeyaml/1.19/snakeyaml-1.19.jar:/Users/josets/.m2/repository/org/springframework/boot/spring-boot-starter-json/2.0.2.RELEASE/spring-boot-starter-json-2.0.2.RELEASE.jar:/Users/josets/.m2/repository/com/fasterxml/jackson/core/jackson-databind/2.9.5/jackson-databind-2.9.5.jar:/Users/josets/.m2/repository/com/fasterxml/jackson/core/jackson-annotations/2.9.0/jackson-annotations-2.9.0.jar:/Users/josets/.m2/repository/com/fasterxml/jackson/core/jackson-core/2.9.5/jackson-core-2.9.5.jar:/Users/josets/.m2/repository/com/fasterxml/jackson/datatype/jackson-datatype-jdk8/2.9.5/jackson-datatype-jdk8-2.9.5.jar:/Users/josets/.m2/repository/com/fasterxml/jackson/datatype/jackson-datatype-jsr310/2.9.5/jackson-datatype-jsr310-2.9.5.jar:/Users/josets/.m2/repository/com/fasterxml/jackson/module/jackson-module-parameter-names/2.9.5/jackson-module-parameter-names-2.9.5.jar:/Users/josets/.m2/repository/org/springframework/boot/spring-boot-starter-reactor-netty/2.0.2.RELEASE/spring-boot-starter-reactor-netty-2.0.2.RELEASE.jar:/Users/josets/.m2/repository/io/projectreactor/ipc/reactor-netty/0.7.7.RELEASE/reactor-netty-0.7.7.RELEASE.jar:/Users/josets/.m2/repository/io/netty/netty-codec-http/4.1.24.Final/netty-codec-http-4.1.24.Final.jar:/Users/josets/.m2/repository/io/netty/netty-codec/4.1.24.Final/netty-codec-4.1.24.Final.jar:/Users/josets/.m2/repository/io/netty/netty-handler/4.1.24.Final/netty-handler-4.1.24.Final.jar:/Users/josets/.m2/repository/io/netty/netty-buffer/4.1.24.Final/netty-buffer-4.1.24.Final.jar:/Users/josets/.m2/repository/io/netty/netty-transport/4.1.24.Final/netty-transport-4.1.24.Final.jar:/Users/josets/.m2/repository/io/netty/netty-resolver/4.1.24.Final/netty-resolver-4.1.24.Final.jar:/Users/josets/.m2/repository/io/netty/netty-handler-proxy/4.1.24.Final/netty-handler-proxy-4.1.24.Final.jar:/Users/josets/.m2/repository/io/netty/netty-codec-socks/4.1.24.Final/netty-codec-socks-4.1.24.Final.jar:/Users/josets/.m2/repository/io/netty/netty-transport-native-epoll/4.1.24.Final/netty-transport-native-epoll-4.1.24.Final-linux-x86_64.jar:/Users/josets/.m2/repository/io/netty/netty-common/4.1.24.Final/netty-common-4.1.24.Final.jar:/Users/josets/.m2/repository/io/netty/netty-transport-native-unix-common/4.1.24.Final/netty-transport-native-unix-common-4.1.24.Final.jar:/Users/josets/.m2/repository/org/hibernate/validator/hibernate-validator/6.0.9.Final/hibernate-validator-6.0.9.Final.jar:/Users/josets/.m2/repository/javax/validation/validation-api/2.0.1.Final/validation-api-2.0.1.Final.jar:/Users/josets/.m2/repository/org/jboss/logging/jboss-logging/3.3.2.Final/jboss-logging-3.3.2.Final.jar:/Users/josets/.m2/repository/com/fasterxml/classmate/1.3.4/classmate-1.3.4.jar:/Users/josets/.m2/repository/org/springframework/spring-web/5.0.6.RELEASE/spring-web-5.0.6.RELEASE.jar:/Users/josets/.m2/repository/org/springframework/spring-beans/5.0.6.RELEASE/spring-beans-5.0.6.RELEASE.jar:/Users/josets/.m2/repository/org/springframework/spring-webflux/5.0.6.RELEASE/spring-webflux-5.0.6.RELEASE.jar:/Users/josets/.m2/repository/org/synchronoss/cloud/nio-multipart-parser/1.1.0/nio-multipart-parser-1.1.0.jar:/Users/josets/.m2/repository/org/slf4j/slf4j-api/1.7.25/slf4j-api-1.7.25.jar:/Users/josets/.m2/repository/org/synchronoss/cloud/nio-stream-storage/1.1.3/nio-stream-storage-1.1.3.jar:/Users/josets/.m2/repository/org/springframework/boot/spring-boot-devtools/2.0.2.RELEASE/spring-boot-devtools-2.0.2.RELEASE.jar:/Users/josets/.m2/repository/org/springframework/boot/spring-boot/2.0.2.RELEASE/spring-boot-2.0.2.RELEASE.jar:/Users/josets/.m2/repository/org/springframework/spring-context/5.0.6.RELEASE/spring-context-5.0.6.RELEASE.jar:/Users/josets/.m2/repository/org/springframework/spring-aop/5.0.6.RELEASE/spring-aop-5.0.6.RELEASE.jar:/Users/josets/.m2/repository/org/springframework/spring-expression/5.0.6.RELEASE/spring-expression-5.0.6.RELEASE.jar:/Users/josets/.m2/repository/org/springframework/boot/spring-boot-autoconfigure/2.0.2.RELEASE/spring-boot-autoconfigure-2.0.2.RELEASE.jar:/Users/josets/.m2/repository/org/springframework/boot/spring-boot-starter-test/2.0.2.RELEASE/spring-boot-starter-test-2.0.2.RELEASE.jar:/Users/josets/.m2/repository/org/springframework/boot/spring-boot-test/2.0.2.RELEASE/spring-boot-test-2.0.2.RELEASE.jar:/Users/josets/.m2/repository/org/springframework/boot/spring-boot-test-autoconfigure/2.0.2.RELEASE/spring-boot-test-autoconfigure-2.0.2.RELEASE.jar:/Users/josets/.m2/repository/com/jayway/jsonpath/json-path/2.4.0/json-path-2.4.0.jar:/Users/josets/.m2/repository/net/minidev/json-smart/2.3/json-smart-2.3.jar:/Users/josets/.m2/repository/net/minidev/accessors-smart/1.2/accessors-smart-1.2.jar:/Users/josets/.m2/repository/org/ow2/asm/asm/5.0.4/asm-5.0.4.jar:/Users/josets/.m2/repository/junit/junit/4.12/junit-4.12.jar:/Users/josets/.m2/repository/org/assertj/assertj-core/3.9.1/assertj-core-3.9.1.jar:/Users/josets/.m2/repository/org/mockito/mockito-core/2.15.0/mockito-core-2.15.0.jar:/Users/josets/.m2/repository/net/bytebuddy/byte-buddy/1.7.11/byte-buddy-1.7.11.jar:/Users/josets/.m2/repository/net/bytebuddy/byte-buddy-agent/1.7.11/byte-buddy-agent-1.7.11.jar:/Users/josets/.m2/repository/org/objenesis/objenesis/2.6/objenesis-2.6.jar:/Users/josets/.m2/repository/org/hamcrest/hamcrest-core/1.3/hamcrest-core-1.3.jar:/Users/josets/.m2/repository/org/hamcrest/hamcrest-library/1.3/hamcrest-library-1.3.jar:/Users/josets/.m2/repository/org/skyscreamer/jsonassert/1.5.0/jsonassert-1.5.0.jar:/Users/josets/.m2/repository/com/vaadin/external/google/android-json/0.0.20131108.vaadin1/android-json-0.0.20131108.vaadin1.jar:/Users/josets/.m2/repository/org/springframework/spring-core/5.0.6.RELEASE/spring-core-5.0.6.RELEASE.jar:/Users/josets/.m2/repository/org/springframework/spring-jcl/5.0.6.RELEASE/spring-jcl-5.0.6.RELEASE.jar:/Users/josets/.m2/repository/org/springframework/spring-test/5.0.6.RELEASE/spring-test-5.0.6.RELEASE.jar:/Users/josets/.m2/repository/org/xmlunit/xmlunit-core/2.5.1/xmlunit-core-2.5.1.jar:/Users/josets/.m2/repository/io/projectreactor/reactor-test/3.1.7.RELEASE/reactor-test-3.1.7.RELEASE.jar:/Users/josets/.m2/repository/io/projectreactor/reactor-core/3.1.7.RELEASE/reactor-core-3.1.7.RELEASE.jar:/Users/josets/.m2/repository/org/reactivestreams/reactive-streams/1.0.2/reactive-streams-1.0.2.jar:, java.vm.vendor="Oracle Corporation", sun.arch.data.model=64, java.vendor.url=http://java.oracle.com/, user.timezone=America/Sao_Paulo, os.name=Mac OS X, java.vm.specification.version=10, sun.java.launcher=SUN_STANDARD, user.country=BR, sun.boot.library.path=/Library/Java/JavaVirtualMachines/jdk-10.0.1.jdk/Contents/Home/lib, sun.java.command=/Users/josets/Developer/spring-boot-experiments/webflux-client-server/client/target/surefire/surefirebooter7044717151052248612.jar /Users/josets/Developer/spring-boot-experiments/webflux-client-server/client/target/surefire 2018-06-15T12-20-10_287-jvmRun1 surefire17498963017998988825tmp surefire_08878347383252468191tmp, jdk.debug=release, surefire.test.class.path=/Users/josets/Developer/spring-boot-experiments/webflux-client-server/client/target/test-classes:/Users/josets/Developer/spring-boot-experiments/webflux-client-server/client/target/classes:/Users/josets/.m2/repository/org/springframework/boot/spring-boot-starter-webflux/2.0.2.RELEASE/spring-boot-starter-webflux-2.0.2.RELEASE.jar:/Users/josets/.m2/repository/org/springframework/boot/spring-boot-starter/2.0.2.RELEASE/spring-boot-starter-2.0.2.RELEASE.jar:/Users/josets/.m2/repository/org/springframework/boot/spring-boot-starter-logging/2.0.2.RELEASE/spring-boot-starter-logging-2.0.2.RELEASE.jar:/Users/josets/.m2/repository/ch/qos/logback/logback-classic/1.2.3/logback-classic-1.2.3.jar:/Users/josets/.m2/repository/ch/qos/logback/logback-core/1.2.3/logback-core-1.2.3.jar:/Users/josets/.m2/repository/org/apache/logging/log4j/log4j-to-slf4j/2.10.0/log4j-to-slf4j-2.10.0.jar:/Users/josets/.m2/repository/org/apache/logging/log4j/log4j-api/2.10.0/log4j-api-2.10.0.jar:/Users/josets/.m2/repository/org/slf4j/jul-to-slf4j/1.7.25/jul-to-slf4j-1.7.25.jar:/Users/josets/.m2/repository/javax/annotation/javax.annotation-api/1.3.2/javax.annotation-api-1.3.2.jar:/Users/josets/.m2/repository/org/yaml/snakeyaml/1.19/snakeyaml-1.19.jar:/Users/josets/.m2/repository/org/springframework/boot/spring-boot-starter-json/2.0.2.RELEASE/spring-boot-starter-json-2.0.2.RELEASE.jar:/Users/josets/.m2/repository/com/fasterxml/jackson/core/jackson-databind/2.9.5/jackson-databind-2.9.5.jar:/Users/josets/.m2/repository/com/fasterxml/jackson/core/jackson-annotations/2.9.0/jackson-annotations-2.9.0.jar:/Users/josets/.m2/repository/com/fasterxml/jackson/core/jackson-core/2.9.5/jackson-core-2.9.5.jar:/Users/josets/.m2/repository/com/fasterxml/jackson/datatype/jackson-datatype-jdk8/2.9.5/jackson-datatype-jdk8-2.9.5.jar:/Users/josets/.m2/repository/com/fasterxml/jackson/datatype/jackson-datatype-jsr310/2.9.5/jackson-datatype-jsr310-2.9.5.jar:/Users/josets/.m2/repository/com/fasterxml/jackson/module/jackson-module-parameter-names/2.9.5/jackson-module-parameter-names-2.9.5.jar:/Users/josets/.m2/repository/org/springframework/boot/spring-boot-starter-reactor-netty/2.0.2.RELEASE/spring-boot-starter-reactor-netty-2.0.2.RELEASE.jar:/Users/josets/.m2/repository/io/projectreactor/ipc/reactor-netty/0.7.7.RELEASE/reactor-netty-0.7.7.RELEASE.jar:/Users/josets/.m2/repository/io/netty/netty-codec-http/4.1.24.Final/netty-codec-http-4.1.24.Final.jar:/Users/josets/.m2/repository/io/netty/netty-codec/4.1.24.Final/netty-codec-4.1.24.Final.jar:/Users/josets/.m2/repository/io/netty/netty-handler/4.1.24.Final/netty-handler-4.1.24.Final.jar:/Users/josets/.m2/repository/io/netty/netty-buffer/4.1.24.Final/netty-buffer-4.1.24.Final.jar:/Users/josets/.m2/repository/io/netty/netty-transport/4.1.24.Final/netty-transport-4.1.24.Final.jar:/Users/josets/.m2/repository/io/netty/netty-resolver/4.1.24.Final/netty-resolver-4.1.24.Final.jar:/Users/josets/.m2/repository/io/netty/netty-handler-proxy/4.1.24.Final/netty-handler-proxy-4.1.24.Final.jar:/Users/josets/.m2/repository/io/netty/netty-codec-socks/4.1.24.Final/netty-codec-socks-4.1.24.Final.jar:/Users/josets/.m2/repository/io/netty/netty-transport-native-epoll/4.1.24.Final/netty-transport-native-epoll-4.1.24.Final-linux-x86_64.jar:/Users/josets/.m2/repository/io/netty/netty-common/4.1.24.Final/netty-common-4.1.24.Final.jar:/Users/josets/.m2/repository/io/netty/netty-transport-native-unix-common/4.1.24.Final/netty-transport-native-unix-common-4.1.24.Final.jar:/Users/josets/.m2/repository/org/hibernate/validator/hibernate-validator/6.0.9.Final/hibernate-validator-6.0.9.Final.jar:/Users/josets/.m2/repository/javax/validation/validation-api/2.0.1.Final/validation-api-2.0.1.Final.jar:/Users/josets/.m2/repository/org/jboss/logging/jboss-logging/3.3.2.Final/jboss-logging-3.3.2.Final.jar:/Users/josets/.m2/repository/com/fasterxml/classmate/1.3.4/classmate-1.3.4.jar:/Users/josets/.m2/repository/org/springframework/spring-web/5.0.6.RELEASE/spring-web-5.0.6.RELEASE.jar:/Users/josets/.m2/repository/org/springframework/spring-beans/5.0.6.RELEASE/spring-beans-5.0.6.RELEASE.jar:/Users/josets/.m2/repository/org/springframework/spring-webflux/5.0.6.RELEASE/spring-webflux-5.0.6.RELEASE.jar:/Users/josets/.m2/repository/org/synchronoss/cloud/nio-multipart-parser/1.1.0/nio-multipart-parser-1.1.0.jar:/Users/josets/.m2/repository/org/slf4j/slf4j-api/1.7.25/slf4j-api-1.7.25.jar:/Users/josets/.m2/repository/org/synchronoss/cloud/nio-stream-storage/1.1.3/nio-stream-storage-1.1.3.jar:/Users/josets/.m2/repository/org/springframework/boot/spring-boot-devtools/2.0.2.RELEASE/spring-boot-devtools-2.0.2.RELEASE.jar:/Users/josets/.m2/repository/org/springframework/boot/spring-boot/2.0.2.RELEASE/spring-boot-2.0.2.RELEASE.jar:/Users/josets/.m2/repository/org/springframework/spring-context/5.0.6.RELEASE/spring-context-5.0.6.RELEASE.jar:/Users/josets/.m2/repository/org/springframework/spring-aop/5.0.6.RELEASE/spring-aop-5.0.6.RELEASE.jar:/Users/josets/.m2/repository/org/springframework/spring-expression/5.0.6.RELEASE/spring-expression-5.0.6.RELEASE.jar:/Users/josets/.m2/repository/org/springframework/boot/spring-boot-autoconfigure/2.0.2.RELEASE/spring-boot-autoconfigure-2.0.2.RELEASE.jar:/Users/josets/.m2/repository/org/springframework/boot/spring-boot-starter-test/2.0.2.RELEASE/spring-boot-starter-test-2.0.2.RELEASE.jar:/Users/josets/.m2/repository/org/springframework/boot/spring-boot-test/2.0.2.RELEASE/spring-boot-test-2.0.2.RELEASE.jar:/Users/josets/.m2/repository/org/springframework/boot/spring-boot-test-autoconfigure/2.0.2.RELEASE/spring-boot-test-autoconfigure-2.0.2.RELEASE.jar:/Users/josets/.m2/repository/com/jayway/jsonpath/json-path/2.4.0/json-path-2.4.0.jar:/Users/josets/.m2/repository/net/minidev/json-smart/2.3/json-smart-2.3.jar:/Users/josets/.m2/repository/net/minidev/accessors-smart/1.2/accessors-smart-1.2.jar:/Users/josets/.m2/repository/org/ow2/asm/asm/5.0.4/asm-5.0.4.jar:/Users/josets/.m2/repository/junit/junit/4.12/junit-4.12.jar:/Users/josets/.m2/repository/org/assertj/assertj-core/3.9.1/assertj-core-3.9.1.jar:/Users/josets/.m2/repository/org/mockito/mockito-core/2.15.0/mockito-core-2.15.0.jar:/Users/josets/.m2/repository/net/bytebuddy/byte-buddy/1.7.11/byte-buddy-1.7.11.jar:/Users/josets/.m2/repository/net/bytebuddy/byte-buddy-agent/1.7.11/byte-buddy-agent-1.7.11.jar:/Users/josets/.m2/repository/org/objenesis/objenesis/2.6/objenesis-2.6.jar:/Users/josets/.m2/repository/org/hamcrest/hamcrest-core/1.3/hamcrest-core-1.3.jar:/Users/josets/.m2/repository/org/hamcrest/hamcrest-library/1.3/hamcrest-library-1.3.jar:/Users/josets/.m2/repository/org/skyscreamer/jsonassert/1.5.0/jsonassert-1.5.0.jar:/Users/josets/.m2/repository/com/vaadin/external/google/android-json/0.0.20131108.vaadin1/android-json-0.0.20131108.vaadin1.jar:/Users/josets/.m2/repository/org/springframework/spring-core/5.0.6.RELEASE/spring-core-5.0.6.RELEASE.jar:/Users/josets/.m2/repository/org/springframework/spring-jcl/5.0.6.RELEASE/spring-jcl-5.0.6.RELEASE.jar:/Users/josets/.m2/repository/org/springframework/spring-test/5.0.6.RELEASE/spring-test-5.0.6.RELEASE.jar:/Users/josets/.m2/repository/org/xmlunit/xmlunit-core/2.5.1/xmlunit-core-2.5.1.jar:/Users/josets/.m2/repository/io/projectreactor/reactor-test/3.1.7.RELEASE/reactor-test-3.1.7.RELEASE.jar:/Users/josets/.m2/repository/io/projectreactor/reactor-core/3.1.7.RELEASE/reactor-core-3.1.7.RELEASE.jar:/Users/josets/.m2/repository/org/reactivestreams/reactive-streams/1.0.2/reactive-streams-1.0.2.jar:, sun.cpu.endian=little, user.home=/Users/josets, user.language=en, java.specification.vendor=Oracle Corporation, java.version.date=2018-04-17, java.home=/Library/Java/JavaVirtualMachines/jdk-10.0.1.jdk/Contents/Home, file.separator=/, basedir=/Users/josets/Developer/spring-boot-experiments/webflux-client-server/client, java.vm.compressedOopsMode=Zero based, line.separator=
, java.specification.name=Java Platform API Specification, java.vm.specification.vendor=Oracle Corporation, java.awt.graphicsenv=sun.awt.CGraphicsEnvironment, surefire.real.class.path=/Users/josets/Developer/spring-boot-experiments/webflux-client-server/client/target/surefire/surefirebooter7044717151052248612.jar, sun.management.compiler=HotSpot 64-Bit Tiered Compilers, java.runtime.version=10.0.1+10, user.name=josets, path.separator=:, os.version=10.13.4, java.runtime.name=Java(TM) SE Runtime Environment, file.encoding=UTF-8, java.vm.name=Java HotSpot(TM) 64-Bit Server VM, java.vendor.version=18.3, localRepository=/Users/josets/.m2/repository, java.vendor.url.bug=http://bugreport.java.com/bugreport/, java.io.tmpdir=/var/folders/5p/x50rx1p55jl9m7_908nv72m00000gn/T/, java.version=10.0.1, user.dir=/Users/josets/Developer/spring-boot-experiments/webflux-client-server/client, os.arch=x86_64, java.vm.specification.name=Java Virtual Machine Specification, java.awt.printerjob=sun.lwawt.macosx.CPrinterJob, sun.os.patch.level=unknown, java.library.path=/Users/josets/Library/Java/Extensions:/Library/Java/Extensions:/Network/Library/Java/Extensions:/System/Library/Java/Extensions:/usr/lib/java:., java.vendor=Oracle Corporation, java.vm.info=mixed mode, java.vm.version=10.0.1+10, sun.io.unicode.encoding=UnicodeBig, java.class.version=54.0}}, SystemEnvironmentPropertySource@227755469 {name='systemEnvironment', properties={PATH=/usr/local/bin:/usr/bin:/bin:/usr/sbin:/sbin:/usr/local/go/bin, SDKMAN_VERSION=5.6.4+305, JAVA_HOME=/Library/Java/JavaVirtualMachines/jdk-10.0.1.jdk/Contents/Home, TERM=xterm-256color, COMMAND_MODE=unix2003, ITERM_SESSION_ID=w0t0p1:30E24947-917A-4891-B245-8F960E898895, COLORTERM=truecolor, JAVA_MAIN_CLASS_79861=org.apache.maven.surefire.booter.ForkedBooter, SDKMAN_DIR=/Users/josets/.sdkman, LOGNAME=josets, JAVA_MAIN_CLASS_79841=org.codehaus.plexus.classworlds.launcher.Launcher, XPC_SERVICE_NAME=0, PWD=/Users/josets/Developer/spring-boot-experiments/webflux-client-server/client, TERM_PROGRAM_VERSION=3.1.6, MAVEN_CMD_LINE_ARGS= compile package, _=/Library/Java/JavaVirtualMachines/jdk-10.0.1.jdk/Contents/Home/bin/java, SDKMAN_CANDIDATES_DIR=/Users/josets/.sdkman/candidates, SDKMAN_LEGACY_API=https://api.sdkman.io/1, SHELL=/bin/bash, TERM_PROGRAM=iTerm.app, MAVEN_PROJECTBASEDIR=/Users/josets/Developer/spring-boot-experiments/webflux-client-server/client, OLDPWD=/Users/josets/Developer/spring-boot-experiments/webflux-client-server/client, SECURITYSESSIONID=186a7, SDKMAN_PLATFORM=Darwin, USER=josets, ITERM_PROFILE=Default, TMPDIR=/var/folders/5p/x50rx1p55jl9m7_908nv72m00000gn/T/, SSH_AUTH_SOCK=/private/tmp/com.apple.launchd.oesS48J0pg/Listeners, XPC_FLAGS=0x0, TERM_SESSION_ID=w0t0p1:30E24947-917A-4891-B245-8F960E898895, __CF_USER_TEXT_ENCODING=0x1F5:0x0:0x0, Apple_PubSub_Socket_Render=/private/tmp/com.apple.launchd.IvZ9Y5XKcH/Render, LC_CTYPE=UTF-8, COLORFGBG=7;0, HOME=/Users/josets, SHLVL=2, SDKMAN_CURRENT_API=https://api.sdkman.io/2}}]
12:20:11.165 [main] DEBUG org.springframework.core.io.support.PathMatchingResourcePatternResolver - Resolved classpath location [br/josets/webflux/client/] to resources [URL [file:/Users/josets/Developer/spring-boot-experiments/webflux-client-server/client/target/test-classes/br/josets/webflux/client/], URL [file:/Users/josets/Developer/spring-boot-experiments/webflux-client-server/client/target/classes/br/josets/webflux/client/]]
12:20:11.165 [main] DEBUG org.springframework.core.io.support.PathMatchingResourcePatternResolver - Looking for matching resources in directory tree [/Users/josets/Developer/spring-boot-experiments/webflux-client-server/client/target/test-classes/br/josets/webflux/client]
12:20:11.166 [main] DEBUG org.springframework.core.io.support.PathMatchingResourcePatternResolver - Searching directory [/Users/josets/Developer/spring-boot-experiments/webflux-client-server/client/target/test-classes/br/josets/webflux/client] for files matching pattern [/Users/josets/Developer/spring-boot-experiments/webflux-client-server/client/target/test-classes/br/josets/webflux/client/*.class]
12:20:11.169 [main] DEBUG org.springframework.core.io.support.PathMatchingResourcePatternResolver - Looking for matching resources in directory tree [/Users/josets/Developer/spring-boot-experiments/webflux-client-server/client/target/classes/br/josets/webflux/client]
12:20:11.169 [main] DEBUG org.springframework.core.io.support.PathMatchingResourcePatternResolver - Searching directory [/Users/josets/Developer/spring-boot-experiments/webflux-client-server/client/target/classes/br/josets/webflux/client] for files matching pattern [/Users/josets/Developer/spring-boot-experiments/webflux-client-server/client/target/classes/br/josets/webflux/client/*.class]
12:20:11.170 [main] DEBUG org.springframework.core.io.support.PathMatchingResourcePatternResolver - Resolved location pattern [classpath*:br/josets/webflux/client/*.class] to resources [file [/Users/josets/Developer/spring-boot-experiments/webflux-client-server/client/target/test-classes/br/josets/webflux/client/ClientApplicationTests.class], file [/Users/josets/Developer/spring-boot-experiments/webflux-client-server/client/target/classes/br/josets/webflux/client/ClientApplication.class]]
12:20:11.277 [main] DEBUG org.springframework.core.io.support.PathMatchingResourcePatternResolver - Resolved classpath location [br/josets/webflux/] to resources [URL [file:/Users/josets/Developer/spring-boot-experiments/webflux-client-server/client/target/test-classes/br/josets/webflux/], URL [file:/Users/josets/Developer/spring-boot-experiments/webflux-client-server/client/target/classes/br/josets/webflux/]]
12:20:11.277 [main] DEBUG org.springframework.core.io.support.PathMatchingResourcePatternResolver - Looking for matching resources in directory tree [/Users/josets/Developer/spring-boot-experiments/webflux-client-server/client/target/test-classes/br/josets/webflux]
12:20:11.277 [main] DEBUG org.springframework.core.io.support.PathMatchingResourcePatternResolver - Searching directory [/Users/josets/Developer/spring-boot-experiments/webflux-client-server/client/target/test-classes/br/josets/webflux] for files matching pattern [/Users/josets/Developer/spring-boot-experiments/webflux-client-server/client/target/test-classes/br/josets/webflux/*.class]
12:20:11.278 [main] DEBUG org.springframework.core.io.support.PathMatchingResourcePatternResolver - Looking for matching resources in directory tree [/Users/josets/Developer/spring-boot-experiments/webflux-client-server/client/target/classes/br/josets/webflux]
12:20:11.280 [main] DEBUG org.springframework.core.io.support.PathMatchingResourcePatternResolver - Searching directory [/Users/josets/Developer/spring-boot-experiments/webflux-client-server/client/target/classes/br/josets/webflux] for files matching pattern [/Users/josets/Developer/spring-boot-experiments/webflux-client-server/client/target/classes/br/josets/webflux/*.class]
12:20:11.284 [main] DEBUG org.springframework.core.io.support.PathMatchingResourcePatternResolver - Resolved location pattern [classpath*:br/josets/webflux/*.class] to resources []
12:20:11.285 [main] DEBUG org.springframework.core.io.support.PathMatchingResourcePatternResolver - Resolved classpath location [br/josets/] to resources [URL [file:/Users/josets/Developer/spring-boot-experiments/webflux-client-server/client/target/test-classes/br/josets/], URL [file:/Users/josets/Developer/spring-boot-experiments/webflux-client-server/client/target/classes/br/josets/]]
12:20:11.287 [main] DEBUG org.springframework.core.io.support.PathMatchingResourcePatternResolver - Looking for matching resources in directory tree [/Users/josets/Developer/spring-boot-experiments/webflux-client-server/client/target/test-classes/br/josets]
12:20:11.288 [main] DEBUG org.springframework.core.io.support.PathMatchingResourcePatternResolver - Searching directory [/Users/josets/Developer/spring-boot-experiments/webflux-client-server/client/target/test-classes/br/josets] for files matching pattern [/Users/josets/Developer/spring-boot-experiments/webflux-client-server/client/target/test-classes/br/josets/*.class]
12:20:11.288 [main] DEBUG org.springframework.core.io.support.PathMatchingResourcePatternResolver - Looking for matching resources in directory tree [/Users/josets/Developer/spring-boot-experiments/webflux-client-server/client/target/classes/br/josets]
12:20:11.289 [main] DEBUG org.springframework.core.io.support.PathMatchingResourcePatternResolver - Searching directory [/Users/josets/Developer/spring-boot-experiments/webflux-client-server/client/target/classes/br/josets] for files matching pattern [/Users/josets/Developer/spring-boot-experiments/webflux-client-server/client/target/classes/br/josets/*.class]
12:20:11.289 [main] DEBUG org.springframework.core.io.support.PathMatchingResourcePatternResolver - Resolved location pattern [classpath*:br/josets/*.class] to resources []
12:20:11.290 [main] DEBUG org.springframework.core.io.support.PathMatchingResourcePatternResolver - Resolved classpath location [br/] to resources [URL [file:/Users/josets/Developer/spring-boot-experiments/webflux-client-server/client/target/test-classes/br/], URL [file:/Users/josets/Developer/spring-boot-experiments/webflux-client-server/client/target/classes/br/]]
12:20:11.290 [main] DEBUG org.springframework.core.io.support.PathMatchingResourcePatternResolver - Looking for matching resources in directory tree [/Users/josets/Developer/spring-boot-experiments/webflux-client-server/client/target/test-classes/br]
12:20:11.290 [main] DEBUG org.springframework.core.io.support.PathMatchingResourcePatternResolver - Searching directory [/Users/josets/Developer/spring-boot-experiments/webflux-client-server/client/target/test-classes/br] for files matching pattern [/Users/josets/Developer/spring-boot-experiments/webflux-client-server/client/target/test-classes/br/*.class]
12:20:11.290 [main] DEBUG org.springframework.core.io.support.PathMatchingResourcePatternResolver - Looking for matching resources in directory tree [/Users/josets/Developer/spring-boot-experiments/webflux-client-server/client/target/classes/br]
12:20:11.290 [main] DEBUG org.springframework.core.io.support.PathMatchingResourcePatternResolver - Searching directory [/Users/josets/Developer/spring-boot-experiments/webflux-client-server/client/target/classes/br] for files matching pattern [/Users/josets/Developer/spring-boot-experiments/webflux-client-server/client/target/classes/br/*.class]
12:20:11.294 [main] DEBUG org.springframework.core.io.support.PathMatchingResourcePatternResolver - Resolved location pattern [classpath*:br/*.class] to resources []
]]></system-out>
  </testcase>
</testsuite>